[ユーザー]: g22923
[日時]: 2025-11-11 13:53:25

=== 入力情報 ===
[プログラムファイル]: BITCOUNT.java
[テストファイル]: BITCOUNT_TEST.java
PEM:
BITCOUNT_TEST > test_0 FAILED
    org.junit.runners.model.TestTimedOutException: test timed out after 3000 milliseconds
        at app//java_programs.BITCOUNT.bitcount(BITCOUNT.java:16)
        at app//java_testcases.junit.BITCOUNT_TEST.test_0(BITCOUNT_TEST.java:7)

BITCOUNT_TEST > test_1 FAILED
    org.junit.runners.model.TestTimedOutException: test timed out after 3000 milliseconds
        at app//java_programs.BITCOUNT.bitcount(BITCOUNT.java:16)
        at app//java_testcases.junit.BITCOUNT_TEST.test_1(BITCOUNT_TEST.java:13)

BITCOUNT_TEST > test_2 FAILED
    org.junit.runners.model.TestTimedOutException: test timed out after 3000 milliseconds
        at app//java_programs.BITCOUNT.bitcount(BITCOUNT.java:16)
        at app//java_testcases.junit.BITCOUNT_TEST.test_2(BITCOUNT_TEST.java:19)

BITCOUNT_TEST > test_3 FAILED
    org.junit.runners.model.TestTimedOutException: test timed out after 3000 milliseconds
        at app//java_programs.BITCOUNT.bitcount(BITCOUNT.java:16)
        at app//java_testcases.junit.BITCOUNT_TEST.test_3(BITCOUNT_TEST.java:25)

BITCOUNT_TEST > test_4 FAILED
    org.junit.runners.model.TestTimedOutException: test timed out after 3000 milliseconds
        at app//java_programs.BITCOUNT.bitcount(BITCOUNT.java:16)
        at app//java_testcases.junit.BITCOUNT_TEST.test_4(BITCOUNT_TEST.java:31)

BITCOUNT_TEST > test_5 FAILED
    org.junit.runners.model.TestTimedOutException: test timed out after 3000 milliseconds
        at app//java_programs.BITCOUNT.bitcount(BITCOUNT.java:16)
        at app//java_testcases.junit.BITCOUNT_TEST.test_5(BITCOUNT_TEST.java:37)

BITCOUNT_TEST > test_6 FAILED
    org.junit.runners.model.TestTimedOutException: test timed out after 3000 milliseconds
        at app//java_programs.BITCOUNT.bitcount(BITCOUNT.java:16)
        at app//java_testcases.junit.BITCOUNT_TEST.test_6(BITCOUNT_TEST.java:43)

BITCOUNT_TEST > test_7 FAILED
    org.junit.runners.model.TestTimedOutException: test timed out after 3000 milliseconds
        at app//java_programs.BITCOUNT.bitcount(BITCOUNT.java:16)
        at app//java_testcases.junit.BITCOUNT_TEST.test_7(BITCOUNT_TEST.java:49)

BITCOUNT_TEST > test_8 FAILED
    org.junit.runners.model.TestTimedOutException: test timed out after 3000 milliseconds
        at app//java_programs.BITCOUNT.bitcount(BITCOUNT.java:16)
        at app//java_testcases.junit.BITCOUNT_TEST.test_8(BITCOUNT_TEST.java:55)

[テスト有無]: あり
[エラー数指定]: 指定なし
[解説レベル]: 初級
=== プロンプト ===
次のプログラムについて、テストケースが成功するようにエラーの修正方法を専門用語を使わずに説明してください。テストケースの結果も全て表示してください。

=== 解析結果 ===
原因
- ループが終わらないのが失敗の正体です。今の書き方だと、n を 0 に近づけるどころか 1 に固定してしまうことがあり、ずっと回り続けます（タイムアウトの原因）。

直し方（専門用語なしの説明）
- n の中の「1の桁」を1つずつ消していけば、いずれ 0 になってループが終わります。
- そのために「n と (n-1) を重ね合わせて、両方で 1 の所だけ残す」やり方に変えます。これを行うと、n の中の一番右にある 1 が1つだけ消えます。
- 1つ消すたびに回数を数えれば、「1の数」を正しく求められます。

修正後のコード
package java_programs;

public class BITCOUNT {
    public static int bitcount(int n) {
        int count = 0;
        while (n != 0) {
            n = n & (n - 1); // 一番右の1を1つ消す
            count++;
        }
        return count;
    }
}

テスト結果（修正後）
- test_0: 入力 127 -> 結果 7（期待 7）PASS
- test_1: 入力 128 -> 結果 1（期待 1）PASS
- test_2: 入力 3005 -> 結果 9（期待 9）PASS
- test_3: 入力 13 -> 結果 3（期待 3）PASS
- test_4: 入力 14 -> 結果 3（期待 3）PASS
- test_5: 入力 27 -> 結果 4（期待 4）PASS
- test_6: 入力 834 -> 結果 4（期待 4）PASS
- test_7: 入力 254 -> 結果 7（期待 7）PASS
- test_8: 入力 256 -> 結果 1（期待 1）PASS

総括
- すべてのテストが成功（9/9 PASS、タイムアウトなし）。
