BITCOUNT_TEST > test_0 FAILED
    org.junit.runners.model.TestTimedOutException: test timed out after 3000 milliseconds
        at app//java_programs.BITCOUNT.bitcount(BITCOUNT.java:16)
        at app//java_testcases.junit.BITCOUNT_TEST.test_0(BITCOUNT_TEST.java:7)

BITCOUNT_TEST > test_1 FAILED
    org.junit.runners.model.TestTimedOutException: test timed out after 3000 milliseconds
        at app//java_programs.BITCOUNT.bitcount(BITCOUNT.java:16)
        at app//java_testcases.junit.BITCOUNT_TEST.test_1(BITCOUNT_TEST.java:13)

BITCOUNT_TEST > test_2 FAILED
    org.junit.runners.model.TestTimedOutException: test timed out after 3000 milliseconds
        at app//java_programs.BITCOUNT.bitcount(BITCOUNT.java:16)
        at app//java_testcases.junit.BITCOUNT_TEST.test_2(BITCOUNT_TEST.java:19)

BITCOUNT_TEST > test_3 FAILED
    org.junit.runners.model.TestTimedOutException: test timed out after 3000 milliseconds
        at app//java_programs.BITCOUNT.bitcount(BITCOUNT.java:16)
        at app//java_testcases.junit.BITCOUNT_TEST.test_3(BITCOUNT_TEST.java:25)

BITCOUNT_TEST > test_4 FAILED
    org.junit.runners.model.TestTimedOutException: test timed out after 3000 milliseconds
        at app//java_programs.BITCOUNT.bitcount(BITCOUNT.java:16)
        at app//java_testcases.junit.BITCOUNT_TEST.test_4(BITCOUNT_TEST.java:31)

BITCOUNT_TEST > test_5 FAILED
    org.junit.runners.model.TestTimedOutException: test timed out after 3000 milliseconds
        at app//java_programs.BITCOUNT.bitcount(BITCOUNT.java:16)
        at app//java_testcases.junit.BITCOUNT_TEST.test_5(BITCOUNT_TEST.java:37)

BITCOUNT_TEST > test_6 FAILED
    org.junit.runners.model.TestTimedOutException: test timed out after 3000 milliseconds
        at app//java_programs.BITCOUNT.bitcount(BITCOUNT.java:16)
        at app//java_testcases.junit.BITCOUNT_TEST.test_6(BITCOUNT_TEST.java:43)

BITCOUNT_TEST > test_7 FAILED
    org.junit.runners.model.TestTimedOutException: test timed out after 3000 milliseconds
        at app//java_programs.BITCOUNT.bitcount(BITCOUNT.java:16)
        at app//java_testcases.junit.BITCOUNT_TEST.test_7(BITCOUNT_TEST.java:49)

BITCOUNT_TEST > test_8 FAILED
    org.junit.runners.model.TestTimedOutException: test timed out after 3000 milliseconds
        at app//java_programs.BITCOUNT.bitcount(BITCOUNT.java:16)
        at app//java_testcases.junit.BITCOUNT_TEST.test_8(BITCOUNT_TEST.java:55)