LCS_LENGTH_TEST > test_0 FAILED
    java.lang.AssertionError: expected:<2> but was:<1>
        at org.junit.Assert.fail(Assert.java:88)
        at org.junit.Assert.failNotEquals(Assert.java:834)
        at org.junit.Assert.assertEquals(Assert.java:118)
        at org.junit.Assert.assertEquals(Assert.java:144)
        at java_testcases.junit.LCS_LENGTH_TEST.test_0(LCS_LENGTH_TEST.java:8)

LCS_LENGTH_TEST > test_1 FAILED
    java.lang.AssertionError: expected:<4> but was:<1>
        at org.junit.Assert.fail(Assert.java:88)
        at org.junit.Assert.failNotEquals(Assert.java:834)
        at org.junit.Assert.assertEquals(Assert.java:118)
        at org.junit.Assert.assertEquals(Assert.java:144)
        at java_testcases.junit.LCS_LENGTH_TEST.test_1(LCS_LENGTH_TEST.java:14)

LCS_LENGTH_TEST > test_3 FAILED
    java.lang.AssertionError: expected:<3> but was:<1>
        at org.junit.Assert.fail(Assert.java:88)
        at org.junit.Assert.failNotEquals(Assert.java:834)
        at org.junit.Assert.assertEquals(Assert.java:118)
        at org.junit.Assert.assertEquals(Assert.java:144)
        at java_testcases.junit.LCS_LENGTH_TEST.test_3(LCS_LENGTH_TEST.java:26)

LCS_LENGTH_TEST > test_4 FAILED
    java.lang.AssertionError: expected:<3> but was:<1>
        at org.junit.Assert.fail(Assert.java:88)
        at org.junit.Assert.failNotEquals(Assert.java:834)
        at org.junit.Assert.assertEquals(Assert.java:118)
        at org.junit.Assert.assertEquals(Assert.java:144)
        at java_testcases.junit.LCS_LENGTH_TEST.test_4(LCS_LENGTH_TEST.java:32)

LCS_LENGTH_TEST > test_5 FAILED
    java.lang.AssertionError: expected:<7> but was:<1>
        at org.junit.Assert.fail(Assert.java:88)
        at org.junit.Assert.failNotEquals(Assert.java:834)
        at org.junit.Assert.assertEquals(Assert.java:118)
        at org.junit.Assert.assertEquals(Assert.java:144)
        at java_testcases.junit.LCS_LENGTH_TEST.test_5(LCS_LENGTH_TEST.java:38)

LCS_LENGTH_TEST > test_6 FAILED
    java.lang.AssertionError: expected:<6> but was:<1>
        at org.junit.Assert.fail(Assert.java:88)
        at org.junit.Assert.failNotEquals(Assert.java:834)
        at org.junit.Assert.assertEquals(Assert.java:118)
        at org.junit.Assert.assertEquals(Assert.java:144)
        at java_testcases.junit.LCS_LENGTH_TEST.test_6(LCS_LENGTH_TEST.java:44)

LCS_LENGTH_TEST > test_7 FAILED
    java.lang.AssertionError: expected:<3> but was:<2>
        at org.junit.Assert.fail(Assert.java:88)
        at org.junit.Assert.failNotEquals(Assert.java:834)
        at org.junit.Assert.assertEquals(Assert.java:118)
        at org.junit.Assert.assertEquals(Assert.java:144)
        at java_testcases.junit.LCS_LENGTH_TEST.test_7(LCS_LENGTH_TEST.java:50)

LCS_LENGTH_TEST > test_8 FAILED
    java.lang.AssertionError: expected:<3> but was:<1>
        at org.junit.Assert.fail(Assert.java:88)
        at org.junit.Assert.failNotEquals(Assert.java:834)
        at org.junit.Assert.assertEquals(Assert.java:118)
        at org.junit.Assert.assertEquals(Assert.java:144)
        at java_testcases.junit.LCS_LENGTH_TEST.test_8(LCS_LENGTH_TEST.java:56)